<?xml version="1.0" encoding="UTF-8"?>
<!-- Generated by org.testng.reporters.JUnitXMLReporter -->
<testsuite ignored="0" hostname="PRO-CND1384QSX" failures="0" tests="22" name="Surefire test" time="12.967" errors="0" timestamp="2025-02-28T16:24:44 IST">
  <testcase classname="testng.ParallelTest" name="@BeforeClass setup" time="-1.740740084064E9">
    <failure type="org.testng.TestNGException" message="
Parameter &amp;apos;browser&amp;apos; is required by BeforeClass on method setup but has not been marked @Optional or defined
">
      <![CDATA[org.testng.TestNGException: 
Parameter 'browser' is required by BeforeClass on method setup but has not been marked @Optional or defined

at java.base/java.util.ArrayList.forEach(ArrayList.java:1511)
... Removed 27 stack frames]]>
    </failure>
  </testcase> <!-- @BeforeClass setup -->
  <testcase classname="testng.ParallelTest" name="@AfterClass tearDownn" time="0.0">
    <skipped/>
  </testcase> <!-- @AfterClass tearDownn -->
  <testcase classname="testng.DataProviderTest" name="testMethod" time="0.008"/>
  <testcase classname="testng.DataProviderTest" name="testMethod" time="0.0"/>
  <testcase classname="testng.DataProviderTest" name="testMethod" time="0.0"/>
  <testcase classname="testng.FactoryA" name="testMethod" time="0.001"/>
  <testcase classname="testng.FactoryA" name="testMethod" time="0.0"/>
  <testcase classname="testng.FactoryA" name="testMethod" time="0.002"/>
  <testcase classname="testng.FirstTestCase" name="Openapp" time="0.001"/>
  <testcase classname="testng.FirstTestCase" name="Login" time="0.001"/>
  <testcase classname="testng.FirstTestCase" name="Logout" time="0.001"/>
  <testcase classname="testng.grouping.LoginTests" name="LoginByEmail" time="0.0"/>
  <testcase classname="testng.grouping.LoginTests" name="LoginByFaceBook" time="0.001"/>
  <testcase classname="testng.grouping.LoginTests" name="LoginByTwitter" time="0.0"/>
  <testcase classname="testng.grouping.PaymentTests" name="paymentinDollors" time="0.0"/>
  <testcase classname="testng.grouping.PaymentTests" name="paymentinRupees" time="0.0"/>
  <testcase classname="testng.grouping.SignUpTests" name="SignUpByEmail" time="0.0"/>
  <testcase classname="testng.grouping.SignUpTests" name="SignUpByFaceBook" time="0.001"/>
  <testcase classname="testng.grouping.SignUpTests" name="SignUpByTwitter" time="0.001"/>
  <testcase classname="testng.OrangeHRMTest" name="openapp" time="7.478"/>
  <testcase classname="testng.OrangeHRMTest" name="testLogo" time="3.062"/>
  <testcase classname="testng.OrangeHRMTest" name="loginHRM" time="1.82"/>
  <testcase classname="testng.OrangeHRMTest" name="CloseApp" time="0.416"/>
  <testcase classname="testng.ParallelTest" name="testLogin" time="0.0">
    <skipped/>
  </testcase> <!-- testLogin -->
</testsuite> <!-- Surefire test -->
